  
  fxc.exe BC7Encode.hlsl /nologo /WX /Ges /Zi /Zpc /Qstrip_reflect /Qstrip_debug /Tcs_4_0 /ETryMode456CS "/FhCompiled\BC7Encode_TryMode456CS.inc" "/FdCompiled\BC7Encode_TryMode456CS.pdb" /VnBC7Encode_TryMode456CS
  'fxc.exe' is not recognized as an internal or external command,
  operable program or batch file.
  
  fxc.exe BC7Encode.hlsl /nologo /WX /Ges /Zi /Zpc /Qstrip_reflect /Qstrip_debug /Tcs_4_0 /ETryMode137CS "/FhCompiled\BC7Encode_TryMode137CS.inc" "/FdCompiled\BC7Encode_TryMode137CS.pdb" /VnBC7Encode_TryMode137CS
  'fxc.exe' is not recognized as an internal or external command,
  operable program or batch file.
  
  fxc.exe BC7Encode.hlsl /nologo /WX /Ges /Zi /Zpc /Qstrip_reflect /Qstrip_debug /Tcs_4_0 /ETryMode02CS "/FhCompiled\BC7Encode_TryMode02CS.inc" "/FdCompiled\BC7Encode_TryMode02CS.pdb" /VnBC7Encode_TryMode02CS
  'fxc.exe' is not recognized as an internal or external command,
  operable program or batch file.
  
  fxc.exe BC7Encode.hlsl /nologo /WX /Ges /Zi /Zpc /Qstrip_reflect /Qstrip_debug /Tcs_4_0 /EEncodeBlockCS "/FhCompiled\BC7Encode_EncodeBlockCS.inc" "/FdCompiled\BC7Encode_EncodeBlockCS.pdb" /VnBC7Encode_EncodeBlockCS
  'fxc.exe' is not recognized as an internal or external command,
  operable program or batch file.
  
  fxc.exe BC6HEncode.hlsl /nologo /WX /Ges /Zi /Zpc /Qstrip_reflect /Qstrip_debug /Tcs_4_0 /ETryModeG10CS "/FhCompiled\BC6HEncode_TryModeG10CS.inc" "/FdCompiled\BC6HEncode_TryModeG10CS.pdb" /VnBC6HEncode_TryModeG10CS
  'fxc.exe' is not recognized as an internal or external command,
  operable program or batch file.
  
  fxc.exe BC6HEncode.hlsl /nologo /WX /Ges /Zi /Zpc /Qstrip_reflect /Qstrip_debug /Tcs_4_0 /ETryModeLE10CS "/FhCompiled\BC6HEncode_TryModeLE10CS.inc" "/FdCompiled\BC6HEncode_TryModeLE10CS.pdb" /VnBC6HEncode_TryModeLE10CS
  'fxc.exe' is not recognized as an internal or external command,
  operable program or batch file.
  
  fxc.exe BC6HEncode.hlsl /nologo /WX /Ges /Zi /Zpc /Qstrip_reflect /Qstrip_debug /Tcs_4_0 /EEncodeBlockCS "/FhCompiled\BC6HEncode_EncodeBlockCS.inc" "/FdCompiled\BC6HEncode_EncodeBlockCS.pdb" /VnBC6HEncode_EncodeBlockCS
  'fxc.exe' is not recognized as an internal or external command,
  operable program or batch file.
  
  There were shader compilation errors!
F:\Game Development\Source Code\C++\DirectXTex-may2022\DirectXTex\DirectXTex_Windows10_2019.vcxproj(430,5): error MSB3073: The command "CompileShaders" exited with code 1.
